2017-07-21 18:19:05.739  INFO 13192 --- [main] com.gurupv.base.tests.ApplicationTest    : Starting ApplicationTest on Sony-PC with PID 13192 (started by wyz in D:\SpringBootProjects\SampleSpringBoot)
2017-07-21 18:19:05.741  INFO 13192 --- [main] com.gurupv.base.tests.ApplicationTest    : No active profile set, falling back to default profiles: default
2017-07-21 18:19:05.816  INFO 13192 --- [main] ationConfigEmbeddedWebApplicationContext : Refreshing org.springframework.boot.context.embedded.AnnotationConfigEmbeddedWebApplicationContext@63376bed: startup date [Fri Jul 21 18:19:05 IST 2017]; root of context hierarchy
2017-07-21 18:19:08.330  INFO 13192 --- [main] o.s.b.f.s.DefaultListableBeanFactory     : Overriding bean definition for bean 'jinqSource' with a different definition: replacing [Generic bean: class [com.gurupv.base.JinqSource]; scope=singleton; abstract=false; lazyInit=false; autowireMode=0; dependencyCheck=0; autowireCandidate=true; primary=false; factoryBeanName=null; factoryMethodName=null; initMethodName=null; destroyMethodName=null; defined in file [D:\SpringBootProjects\SampleSpringBoot\target\classes\com\gurupv\base\JinqSource.class]] with [Root bean: class [null]; scope=; abstract=false; lazyInit=false; autowireMode=3; dependencyCheck=0; autowireCandidate=true; primary=false; factoryBeanName=dataConfig; factoryMethodName=jinqSource; initMethodName=null; destroyMethodName=(inferred); defined in class path resource [com/gurupv/base/DataConfig.class]]
2017-07-21 18:19:08.643  INFO 13192 --- [main] o.s.b.f.s.DefaultListableBeanFactory     : Overriding bean definition for bean 'requestContextFilter' with a different definition: replacing [Root bean: class [null]; scope=; abstract=false; lazyInit=false; autowireMode=3; dependencyCheck=0; autowireCandidate=true; primary=false; factoryBeanName=org.springframework.boot.autoconfigure.jersey.JerseyAutoConfiguration; factoryMethodName=requestContextFilter; initMethodName=null; destroyMethodName=(inferred); defined in class path resource [org/springframework/boot/autoconfigure/jersey/JerseyAutoConfiguration.class]] with [Root bean: class [org.springframework.boot.autoconfigure.web.WebMvcAutoConfiguration$WebMvcAutoConfigurationAdapter]; scope=; abstract=false; lazyInit=false; autowireMode=3; dependencyCheck=0; autowireCandidate=true; primary=false; factoryBeanName=null; factoryMethodName=requestContextFilter; initMethodName=null; destroyMethodName=(inferred); defined in class path resource [org/springframework/boot/autoconfigure/web/WebMvcAutoConfiguration$WebMvcAutoConfigurationAdapter.class]]
2017-07-21 18:19:09.843  INFO 13192 --- [main] f.a.AutowiredAnnotationBeanPostProcessor : JSR-330 'javax.inject.Inject' annotation found and supported for autowiring
2017-07-21 18:19:12.377  INFO 13192 --- [main] s.b.c.e.t.TomcatEmbeddedServletContainer : Tomcat initialized with port(s): 0 (http)
2017-07-21 18:19:12.434  INFO 13192 --- [main] o.apache.catalina.core.StandardService   : Starting service [Tomcat]
2017-07-21 18:19:12.450  INFO 13192 --- [main] org.apache.catalina.core.StandardEngine  : Starting Servlet Engine: Apache Tomcat/8.5.15
2017-07-21 18:19:12.821  INFO 13192 --- [localhost-startStop-1] o.a.c.c.C.[Tomcat].[localhost].[/]       : Initializing Spring embedded WebApplicationContext
2017-07-21 18:19:12.822  INFO 13192 --- [localhost-startStop-1] o.s.web.context.ContextLoader            : Root WebApplicationContext: initialization completed in 7013 ms
2017-07-21 18:19:13.204  INFO 13192 --- [localhost-startStop-1] o.s.j.d.e.EmbeddedDatabaseFactory        : Starting embedded database: url='jdbc:hsqldb:mem:testdb', username='sa'
2017-07-21 18:19:14.472  INFO 13192 --- [localhost-startStop-1] j.LocalContainerEntityManagerFactoryBean : Building JPA container EntityManagerFactory for persistence unit 'default'
2017-07-21 18:19:14.562  INFO 13192 --- [localhost-startStop-1] o.hibernate.jpa.internal.util.LogHelper  : HHH000204: Processing PersistenceUnitInfo [
	name: default
	...]
2017-07-21 18:19:15.195  INFO 13192 --- [localhost-startStop-1] org.hibernate.Version                    : HHH000412: Hibernate Core {5.0.12.Final}
2017-07-21 18:19:15.199  INFO 13192 --- [localhost-startStop-1] org.hibernate.cfg.Environment            : HHH000206: hibernate.properties not found
2017-07-21 18:19:15.204  INFO 13192 --- [localhost-startStop-1] org.hibernate.cfg.Environment            : HHH000021: Bytecode provider name : javassist
2017-07-21 18:19:15.459  INFO 13192 --- [localhost-startStop-1] o.hibernate.annotations.common.Version   : HCANN000001: Hibernate Commons Annotations {5.0.1.Final}
2017-07-21 18:19:15.861  INFO 13192 --- [localhost-startStop-1] org.hibernate.dialect.Dialect            : HHH000400: Using dialect: org.hibernate.dialect.HSQLDialect
2017-07-21 18:19:17.495  INFO 13192 --- [localhost-startStop-1] org.hibernate.tool.hbm2ddl.SchemaExport  : HHH000227: Running hbm2ddl schema export
2017-07-21 18:19:17.502 ERROR 13192 --- [localhost-startStop-1] org.hibernate.tool.hbm2ddl.SchemaExport  : HHH000389: Unsuccessful: alter table address_component drop constraint FK82nvmrha4of9tty0icasvdjqm
2017-07-21 18:19:17.502 ERROR 13192 --- [localhost-startStop-1] org.hibernate.tool.hbm2ddl.SchemaExport  : user lacks privilege or object not found: PUBLIC.ADDRESS_COMPONENT
2017-07-21 18:19:17.509  INFO 13192 --- [localhost-startStop-1] org.hibernate.tool.hbm2ddl.SchemaExport  : HHH000230: Schema export complete
2017-07-21 18:19:17.675  INFO 13192 --- [localhost-startStop-1] j.LocalContainerEntityManagerFactoryBean : Initialized JPA EntityManagerFactory for persistence unit 'default'
2017-07-21 18:19:18.738  INFO 13192 --- [localhost-startStop-1] o.s.b.w.servlet.ServletRegistrationBean  : Mapping servlet: 'com.gurupv.base.JerseyConfig' to [/rest/*]
2017-07-21 18:19:18.746  INFO 13192 --- [localhost-startStop-1] o.s.b.w.servlet.ServletRegistrationBean  : Mapping servlet: 'dispatcherServlet' to [/]
2017-07-21 18:19:18.754  INFO 13192 --- [localhost-startStop-1] o.s.b.w.servlet.FilterRegistrationBean   : Mapping filter: 'characterEncodingFilter' to: [/*]
2017-07-21 18:19:18.756  INFO 13192 --- [localhost-startStop-1] o.s.b.w.servlet.FilterRegistrationBean   : Mapping filter: 'hiddenHttpMethodFilter' to: [/*]
2017-07-21 18:19:18.761  INFO 13192 --- [localhost-startStop-1] o.s.b.w.servlet.FilterRegistrationBean   : Mapping filter: 'httpPutFormContentFilter' to: [/*]
2017-07-21 18:19:18.762  INFO 13192 --- [localhost-startStop-1] o.s.b.w.servlet.FilterRegistrationBean   : Mapping filter: 'requestContextFilter' to: [/*]
2017-07-21 18:19:20.124  INFO 13192 --- [main] s.w.s.m.m.a.RequestMappingHandlerAdapter : Looking for @ControllerAdvice: org.springframework.boot.context.embedded.AnnotationConfigEmbeddedWebApplicationContext@63376bed: startup date [Fri Jul 21 18:19:05 IST 2017]; root of context hierarchy
2017-07-21 18:19:20.348  INFO 13192 --- [main] s.w.s.m.m.a.RequestMappingHandlerMapping : Mapped "{[/registration.html]}" onto public java.lang.String com.gurupv.base.registration.RegistrationController.registration()
2017-07-21 18:19:20.356  INFO 13192 --- [main] s.w.s.m.m.a.RequestMappingHandlerMapping : Mapped "{[/error]}" onto public org.springframework.http.ResponseEntity<java.util.Map<java.lang.String, java.lang.Object>> org.springframework.boot.autoconfigure.web.BasicErrorController.error(javax.servlet.http.HttpServletRequest)
2017-07-21 18:19:20.359  INFO 13192 --- [main] s.w.s.m.m.a.RequestMappingHandlerMapping : Mapped "{[/error],produces=[text/html]}" onto public org.springframework.web.servlet.ModelAndView org.springframework.boot.autoconfigure.web.BasicErrorController.errorHtml(javax.servlet.http.HttpServletRequest,javax.servlet.http.HttpServletResponse)
2017-07-21 18:19:20.397  INFO 13192 --- [main] o.s.w.s.handler.SimpleUrlHandlerMapping  : Root mapping to handler of type [class org.springframework.web.servlet.mvc.ParameterizableViewController]
2017-07-21 18:19:20.436  INFO 13192 --- [main] o.s.w.s.handler.SimpleUrlHandlerMapping  : Mapped URL path [/public/**] onto handler of type [class org.springframework.web.servlet.resource.ResourceHttpRequestHandler]
2017-07-21 18:19:20.437  INFO 13192 --- [main] o.s.w.s.handler.SimpleUrlHandlerMapping  : Mapped URL path [/webjars/**] onto handler of type [class org.springframework.web.servlet.resource.ResourceHttpRequestHandler]
2017-07-21 18:19:20.438  INFO 13192 --- [main] o.s.w.s.handler.SimpleUrlHandlerMapping  : Mapped URL path [/**] onto handler of type [class org.springframework.web.servlet.resource.ResourceHttpRequestHandler]
2017-07-21 18:19:20.573  INFO 13192 --- [main] o.s.w.s.handler.SimpleUrlHandlerMapping  : Mapped URL path [/**/favicon.ico] onto handler of type [class org.springframework.web.servlet.resource.ResourceHttpRequestHandler]
2017-07-21 18:19:20.629  INFO 13192 --- [main] oConfiguration$WelcomePageHandlerMapping : Adding welcome page: class path resource [public/index.html]
2017-07-21 18:19:21.884  INFO 13192 --- [main] s.b.c.e.t.TomcatEmbeddedServletContainer : Tomcat started on port(s): 49558 (http)
2017-07-21 18:19:21.907  INFO 13192 --- [main] com.gurupv.base.tests.ApplicationTest    : Started ApplicationTest in 17.425 seconds (JVM running for 20.683)
2017-07-21 18:19:25.310  INFO 13192 --- [http-nio-auto-1-exec-1] o.h.h.i.QueryTranslatorFactoryInitiator  : HHH000397: Using ASTQueryTranslatorFactory
2017-07-21 18:19:26.335  WARN 13192 --- [http-nio-auto-1-exec-4] o.h.dialect.function.TemplateRenderer    : HHH000174: Function template anticipated 3 arguments, but 2 arguments encountered
2017-07-21 18:19:26.891  INFO 13192 --- [main] .b.t.c.SpringBootTestContextBootstrapper : Neither @ContextConfiguration nor @ContextHierarchy found for test class [com.k15t.pat.tests.ApplicationTest], using SpringBootContextLoader
2017-07-21 18:19:26.895  INFO 13192 --- [main] o.s.t.c.support.AbstractContextLoader    : Could not detect default resource locations for test class [com.k15t.pat.tests.ApplicationTest]: no resource found for suffixes {-context.xml, Context.groovy}.
2017-07-21 18:19:26.896  INFO 13192 --- [main] t.c.s.AnnotationConfigContextLoaderUtils : Could not detect default configuration classes for test class [com.k15t.pat.tests.ApplicationTest]: ApplicationTest does not declare any static, non-private, non-final, nested classes annotated with @Configuration.
2017-07-21 18:19:26.978  INFO 13192 --- [Thread-3] ationConfigEmbeddedWebApplicationContext : Closing org.springframework.boot.context.embedded.AnnotationConfigEmbeddedWebApplicationContext@63376bed: startup date [Fri Jul 21 18:19:05 IST 2017]; root of context hierarchy
2017-07-21 18:19:26.986  INFO 13192 --- [Thread-3] j.LocalContainerEntityManagerFactoryBean : Closing JPA EntityManagerFactory for persistence unit 'default'
2017-07-21 18:19:26.988  INFO 13192 --- [Thread-3] org.hibernate.tool.hbm2ddl.SchemaExport  : HHH000227: Running hbm2ddl schema export
2017-07-21 18:19:26.993  INFO 13192 --- [Thread-3] org.hibernate.tool.hbm2ddl.SchemaExport  : HHH000230: Schema export complete
2017-07-21 18:19:26.996  INFO 13192 --- [Thread-3] o.s.j.d.e.EmbeddedDatabaseFactory        : Shutting down embedded database: url='jdbc:hsqldb:mem:testdb'
2017-07-21 18:21:32.583  INFO 8436 --- [main] com.gurupv.base.tests.ApplicationTest    : Starting ApplicationTest on Sony-PC with PID 8436 (started by wyz in D:\SpringBootProjects\SampleSpringBoot)
2017-07-21 18:21:32.585  INFO 8436 --- [main] com.gurupv.base.tests.ApplicationTest    : No active profile set, falling back to default profiles: default
2017-07-21 18:21:32.650  INFO 8436 --- [main] ationConfigEmbeddedWebApplicationContext : Refreshing org.springframework.boot.context.embedded.AnnotationConfigEmbeddedWebApplicationContext@3c77d488: startup date [Fri Jul 21 18:21:32 IST 2017]; root of context hierarchy
2017-07-21 18:21:34.227  INFO 8436 --- [main] o.s.b.f.s.DefaultListableBeanFactory     : Overriding bean definition for bean 'jinqSource' with a different definition: replacing [Generic bean: class [com.gurupv.base.JinqSource]; scope=singleton; abstract=false; lazyInit=false; autowireMode=0; dependencyCheck=0; autowireCandidate=true; primary=false; factoryBeanName=null; factoryMethodName=null; initMethodName=null; destroyMethodName=null; defined in file [D:\SpringBootProjects\SampleSpringBoot\target\classes\com\gurupv\base\JinqSource.class]] with [Root bean: class [null]; scope=; abstract=false; lazyInit=false; autowireMode=3; dependencyCheck=0; autowireCandidate=true; primary=false; factoryBeanName=dataConfig; factoryMethodName=jinqSource; initMethodName=null; destroyMethodName=(inferred); defined in class path resource [com/gurupv/base/DataConfig.class]]
2017-07-21 18:21:34.409  INFO 8436 --- [main] o.s.b.f.s.DefaultListableBeanFactory     : Overriding bean definition for bean 'requestContextFilter' with a different definition: replacing [Root bean: class [null]; scope=; abstract=false; lazyInit=false; autowireMode=3; dependencyCheck=0; autowireCandidate=true; primary=false; factoryBeanName=org.springframework.boot.autoconfigure.jersey.JerseyAutoConfiguration; factoryMethodName=requestContextFilter; initMethodName=null; destroyMethodName=(inferred); defined in class path resource [org/springframework/boot/autoconfigure/jersey/JerseyAutoConfiguration.class]] with [Root bean: class [org.springframework.boot.autoconfigure.web.WebMvcAutoConfiguration$WebMvcAutoConfigurationAdapter]; scope=; abstract=false; lazyInit=false; autowireMode=3; dependencyCheck=0; autowireCandidate=true; primary=false; factoryBeanName=null; factoryMethodName=requestContextFilter; initMethodName=null; destroyMethodName=(inferred); defined in class path resource [org/springframework/boot/autoconfigure/web/WebMvcAutoConfiguration$WebMvcAutoConfigurationAdapter.class]]
2017-07-21 18:21:35.359  INFO 8436 --- [main] f.a.AutowiredAnnotationBeanPostProcessor : JSR-330 'javax.inject.Inject' annotation found and supported for autowiring
2017-07-21 18:21:37.382  INFO 8436 --- [main] s.b.c.e.t.TomcatEmbeddedServletContainer : Tomcat initialized with port(s): 0 (http)
2017-07-21 18:21:37.424  INFO 8436 --- [main] o.apache.catalina.core.StandardService   : Starting service [Tomcat]
2017-07-21 18:21:37.430  INFO 8436 --- [main] org.apache.catalina.core.StandardEngine  : Starting Servlet Engine: Apache Tomcat/8.5.15
2017-07-21 18:21:37.836  INFO 8436 --- [localhost-startStop-1] o.a.c.c.C.[Tomcat].[localhost].[/]       : Initializing Spring embedded WebApplicationContext
2017-07-21 18:21:37.838  INFO 8436 --- [localhost-startStop-1] o.s.web.context.ContextLoader            : Root WebApplicationContext: initialization completed in 5195 ms
2017-07-21 18:21:38.077  INFO 8436 --- [localhost-startStop-1] o.s.j.d.e.EmbeddedDatabaseFactory        : Starting embedded database: url='jdbc:hsqldb:mem:testdb', username='sa'
2017-07-21 18:21:39.063  INFO 8436 --- [localhost-startStop-1] j.LocalContainerEntityManagerFactoryBean : Building JPA container EntityManagerFactory for persistence unit 'default'
2017-07-21 18:21:39.107  INFO 8436 --- [localhost-startStop-1] o.hibernate.jpa.internal.util.LogHelper  : HHH000204: Processing PersistenceUnitInfo [
	name: default
	...]
2017-07-21 18:21:39.492  INFO 8436 --- [localhost-startStop-1] org.hibernate.Version                    : HHH000412: Hibernate Core {5.0.12.Final}
2017-07-21 18:21:39.498  INFO 8436 --- [localhost-startStop-1] org.hibernate.cfg.Environment            : HHH000206: hibernate.properties not found
2017-07-21 18:21:39.502  INFO 8436 --- [localhost-startStop-1] org.hibernate.cfg.Environment            : HHH000021: Bytecode provider name : javassist
2017-07-21 18:21:39.588  INFO 8436 --- [localhost-startStop-1] o.hibernate.annotations.common.Version   : HCANN000001: Hibernate Commons Annotations {5.0.1.Final}
2017-07-21 18:21:39.843  INFO 8436 --- [localhost-startStop-1] org.hibernate.dialect.Dialect            : HHH000400: Using dialect: org.hibernate.dialect.HSQLDialect
2017-07-21 18:21:40.985  INFO 8436 --- [localhost-startStop-1] org.hibernate.tool.hbm2ddl.SchemaExport  : HHH000227: Running hbm2ddl schema export
2017-07-21 18:21:40.992 ERROR 8436 --- [localhost-startStop-1] org.hibernate.tool.hbm2ddl.SchemaExport  : HHH000389: Unsuccessful: alter table address_component drop constraint FK82nvmrha4of9tty0icasvdjqm
2017-07-21 18:21:40.993 ERROR 8436 --- [localhost-startStop-1] org.hibernate.tool.hbm2ddl.SchemaExport  : user lacks privilege or object not found: PUBLIC.ADDRESS_COMPONENT
2017-07-21 18:21:40.999  INFO 8436 --- [localhost-startStop-1] org.hibernate.tool.hbm2ddl.SchemaExport  : HHH000230: Schema export complete
2017-07-21 18:21:41.088  INFO 8436 --- [localhost-startStop-1] j.LocalContainerEntityManagerFactoryBean : Initialized JPA EntityManagerFactory for persistence unit 'default'
2017-07-21 18:21:41.828  INFO 8436 --- [localhost-startStop-1] o.s.b.w.servlet.ServletRegistrationBean  : Mapping servlet: 'com.gurupv.base.JerseyConfig' to [/rest/*]
2017-07-21 18:21:41.833  INFO 8436 --- [localhost-startStop-1] o.s.b.w.servlet.ServletRegistrationBean  : Mapping servlet: 'dispatcherServlet' to [/]
2017-07-21 18:21:41.842  INFO 8436 --- [localhost-startStop-1] o.s.b.w.servlet.FilterRegistrationBean   : Mapping filter: 'characterEncodingFilter' to: [/*]
2017-07-21 18:21:41.844  INFO 8436 --- [localhost-startStop-1] o.s.b.w.servlet.FilterRegistrationBean   : Mapping filter: 'hiddenHttpMethodFilter' to: [/*]
2017-07-21 18:21:41.846  INFO 8436 --- [localhost-startStop-1] o.s.b.w.servlet.FilterRegistrationBean   : Mapping filter: 'httpPutFormContentFilter' to: [/*]
2017-07-21 18:21:41.848  INFO 8436 --- [localhost-startStop-1] o.s.b.w.servlet.FilterRegistrationBean   : Mapping filter: 'requestContextFilter' to: [/*]
2017-07-21 18:21:42.771  INFO 8436 --- [main] s.w.s.m.m.a.RequestMappingHandlerAdapter : Looking for @ControllerAdvice: org.springframework.boot.context.embedded.AnnotationConfigEmbeddedWebApplicationContext@3c77d488: startup date [Fri Jul 21 18:21:32 IST 2017]; root of context hierarchy
2017-07-21 18:21:43.003  INFO 8436 --- [main] s.w.s.m.m.a.RequestMappingHandlerMapping : Mapped "{[/registration.html]}" onto public java.lang.String com.gurupv.base.registration.RegistrationController.registration()
2017-07-21 18:21:43.016  INFO 8436 --- [main] s.w.s.m.m.a.RequestMappingHandlerMapping : Mapped "{[/error]}" onto public org.springframework.http.ResponseEntity<java.util.Map<java.lang.String, java.lang.Object>> org.springframework.boot.autoconfigure.web.BasicErrorController.error(javax.servlet.http.HttpServletRequest)
2017-07-21 18:21:43.021  INFO 8436 --- [main] s.w.s.m.m.a.RequestMappingHandlerMapping : Mapped "{[/error],produces=[text/html]}" onto public org.springframework.web.servlet.ModelAndView org.springframework.boot.autoconfigure.web.BasicErrorController.errorHtml(javax.servlet.http.HttpServletRequest,javax.servlet.http.HttpServletResponse)
2017-07-21 18:21:43.070  INFO 8436 --- [main] o.s.w.s.handler.SimpleUrlHandlerMapping  : Root mapping to handler of type [class org.springframework.web.servlet.mvc.ParameterizableViewController]
2017-07-21 18:21:43.114  INFO 8436 --- [main] o.s.w.s.handler.SimpleUrlHandlerMapping  : Mapped URL path [/public/**] onto handler of type [class org.springframework.web.servlet.resource.ResourceHttpRequestHandler]
2017-07-21 18:21:43.115  INFO 8436 --- [main] o.s.w.s.handler.SimpleUrlHandlerMapping  : Mapped URL path [/webjars/**] onto handler of type [class org.springframework.web.servlet.resource.ResourceHttpRequestHandler]
2017-07-21 18:21:43.117  INFO 8436 --- [main] o.s.w.s.handler.SimpleUrlHandlerMapping  : Mapped URL path [/**] onto handler of type [class org.springframework.web.servlet.resource.ResourceHttpRequestHandler]
2017-07-21 18:21:43.223  INFO 8436 --- [main] o.s.w.s.handler.SimpleUrlHandlerMapping  : Mapped URL path [/**/favicon.ico] onto handler of type [class org.springframework.web.servlet.resource.ResourceHttpRequestHandler]
2017-07-21 18:21:43.283  INFO 8436 --- [main] oConfiguration$WelcomePageHandlerMapping : Adding welcome page: class path resource [public/index.html]
2017-07-21 18:21:43.926  INFO 8436 --- [main] s.b.c.e.t.TomcatEmbeddedServletContainer : Tomcat started on port(s): 49572 (http)
2017-07-21 18:21:43.938  INFO 8436 --- [main] com.gurupv.base.tests.ApplicationTest    : Started ApplicationTest in 11.952 seconds (JVM running for 13.621)
2017-07-21 18:21:46.173  INFO 8436 --- [http-nio-auto-1-exec-1] o.h.h.i.QueryTranslatorFactoryInitiator  : HHH000397: Using ASTQueryTranslatorFactory
2017-07-21 18:21:47.004  WARN 8436 --- [http-nio-auto-1-exec-2] o.h.dialect.function.TemplateRenderer    : HHH000174: Function template anticipated 3 arguments, but 2 arguments encountered
2017-07-21 18:21:47.540  INFO 8436 --- [Thread-3] ationConfigEmbeddedWebApplicationContext : Closing org.springframework.boot.context.embedded.AnnotationConfigEmbeddedWebApplicationContext@3c77d488: startup date [Fri Jul 21 18:21:32 IST 2017]; root of context hierarchy
2017-07-21 18:21:47.550  INFO 8436 --- [Thread-3] j.LocalContainerEntityManagerFactoryBean : Closing JPA EntityManagerFactory for persistence unit 'default'
2017-07-21 18:21:47.552  INFO 8436 --- [Thread-3] org.hibernate.tool.hbm2ddl.SchemaExport  : HHH000227: Running hbm2ddl schema export
2017-07-21 18:21:47.556  INFO 8436 --- [Thread-3] org.hibernate.tool.hbm2ddl.SchemaExport  : HHH000230: Schema export complete
2017-07-21 18:21:47.560  INFO 8436 --- [Thread-3] o.s.j.d.e.EmbeddedDatabaseFactory        : Shutting down embedded database: url='jdbc:hsqldb:mem:testdb'
2017-07-21 18:35:46.676  INFO 3296 --- [main] com.gurupv.base.tests.ApplicationTest    : Starting ApplicationTest on Sony-PC with PID 3296 (started by wyz in D:\SpringBootProjects\SampleSpringBoot)
2017-07-21 18:35:46.678  INFO 3296 --- [main] com.gurupv.base.tests.ApplicationTest    : No active profile set, falling back to default profiles: default
2017-07-21 18:35:46.774  INFO 3296 --- [main] ationConfigEmbeddedWebApplicationContext : Refreshing org.springframework.boot.context.embedded.AnnotationConfigEmbeddedWebApplicationContext@3c77d488: startup date [Fri Jul 21 18:35:46 IST 2017]; root of context hierarchy
2017-07-21 18:35:48.396  INFO 3296 --- [main] o.s.b.f.s.DefaultListableBeanFactory     : Overriding bean definition for bean 'jinqSource' with a different definition: replacing [Generic bean: class [com.gurupv.base.JinqSource]; scope=singleton; abstract=false; lazyInit=false; autowireMode=0; dependencyCheck=0; autowireCandidate=true; primary=false; factoryBeanName=null; factoryMethodName=null; initMethodName=null; destroyMethodName=null; defined in file [D:\SpringBootProjects\SampleSpringBoot\target\classes\com\gurupv\base\JinqSource.class]] with [Root bean: class [null]; scope=; abstract=false; lazyInit=false; autowireMode=3; dependencyCheck=0; autowireCandidate=true; primary=false; factoryBeanName=dataConfig; factoryMethodName=jinqSource; initMethodName=null; destroyMethodName=(inferred); defined in class path resource [com/gurupv/base/DataConfig.class]]
2017-07-21 18:35:48.591  INFO 3296 --- [main] o.s.b.f.s.DefaultListableBeanFactory     : Overriding bean definition for bean 'requestContextFilter' with a different definition: replacing [Root bean: class [null]; scope=; abstract=false; lazyInit=false; autowireMode=3; dependencyCheck=0; autowireCandidate=true; primary=false; factoryBeanName=org.springframework.boot.autoconfigure.jersey.JerseyAutoConfiguration; factoryMethodName=requestContextFilter; initMethodName=null; destroyMethodName=(inferred); defined in class path resource [org/springframework/boot/autoconfigure/jersey/JerseyAutoConfiguration.class]] with [Root bean: class [org.springframework.boot.autoconfigure.web.WebMvcAutoConfiguration$WebMvcAutoConfigurationAdapter]; scope=; abstract=false; lazyInit=false; autowireMode=3; dependencyCheck=0; autowireCandidate=true; primary=false; factoryBeanName=null; factoryMethodName=requestContextFilter; initMethodName=null; destroyMethodName=(inferred); defined in class path resource [org/springframework/boot/autoconfigure/web/WebMvcAutoConfiguration$WebMvcAutoConfigurationAdapter.class]]
2017-07-21 18:35:49.550  INFO 3296 --- [main] f.a.AutowiredAnnotationBeanPostProcessor : JSR-330 'javax.inject.Inject' annotation found and supported for autowiring
2017-07-21 18:35:51.758  INFO 3296 --- [main] s.b.c.e.t.TomcatEmbeddedServletContainer : Tomcat initialized with port(s): 0 (http)
2017-07-21 18:35:51.797  INFO 3296 --- [main] o.apache.catalina.core.StandardService   : Starting service [Tomcat]
2017-07-21 18:35:51.801  INFO 3296 --- [main] org.apache.catalina.core.StandardEngine  : Starting Servlet Engine: Apache Tomcat/8.5.15
2017-07-21 18:35:52.163  INFO 3296 --- [localhost-startStop-1] o.a.c.c.C.[Tomcat].[localhost].[/]       : Initializing Spring embedded WebApplicationContext
2017-07-21 18:35:52.165  INFO 3296 --- [localhost-startStop-1] o.s.web.context.ContextLoader            : Root WebApplicationContext: initialization completed in 5397 ms
2017-07-21 18:35:52.435  INFO 3296 --- [localhost-startStop-1] o.s.j.d.e.EmbeddedDatabaseFactory        : Starting embedded database: url='jdbc:hsqldb:mem:testdb', username='sa'
2017-07-21 18:35:53.359  INFO 3296 --- [localhost-startStop-1] j.LocalContainerEntityManagerFactoryBean : Building JPA container EntityManagerFactory for persistence unit 'default'
2017-07-21 18:35:53.395  INFO 3296 --- [localhost-startStop-1] o.hibernate.jpa.internal.util.LogHelper  : HHH000204: Processing PersistenceUnitInfo [
	name: default
	...]
2017-07-21 18:35:53.768  INFO 3296 --- [localhost-startStop-1] org.hibernate.Version                    : HHH000412: Hibernate Core {5.0.12.Final}
2017-07-21 18:35:53.773  INFO 3296 --- [localhost-startStop-1] org.hibernate.cfg.Environment            : HHH000206: hibernate.properties not found
2017-07-21 18:35:53.778  INFO 3296 --- [localhost-startStop-1] org.hibernate.cfg.Environment            : HHH000021: Bytecode provider name : javassist
2017-07-21 18:35:53.875  INFO 3296 --- [localhost-startStop-1] o.hibernate.annotations.common.Version   : HCANN000001: Hibernate Commons Annotations {5.0.1.Final}
2017-07-21 18:35:54.092  INFO 3296 --- [localhost-startStop-1] org.hibernate.dialect.Dialect            : HHH000400: Using dialect: org.hibernate.dialect.HSQLDialect
2017-07-21 18:35:55.291  INFO 3296 --- [localhost-startStop-1] org.hibernate.tool.hbm2ddl.SchemaExport  : HHH000227: Running hbm2ddl schema export
2017-07-21 18:35:55.297 ERROR 3296 --- [localhost-startStop-1] org.hibernate.tool.hbm2ddl.SchemaExport  : HHH000389: Unsuccessful: alter table address_component drop constraint FK82nvmrha4of9tty0icasvdjqm
2017-07-21 18:35:55.298 ERROR 3296 --- [localhost-startStop-1] org.hibernate.tool.hbm2ddl.SchemaExport  : user lacks privilege or object not found: PUBLIC.ADDRESS_COMPONENT
2017-07-21 18:35:55.303  INFO 3296 --- [localhost-startStop-1] org.hibernate.tool.hbm2ddl.SchemaExport  : HHH000230: Schema export complete
2017-07-21 18:35:55.380  INFO 3296 --- [localhost-startStop-1] j.LocalContainerEntityManagerFactoryBean : Initialized JPA EntityManagerFactory for persistence unit 'default'
2017-07-21 18:35:56.349  INFO 3296 --- [localhost-startStop-1] o.s.b.w.servlet.ServletRegistrationBean  : Mapping servlet: 'com.gurupv.base.JerseyConfig' to [/rest/*]
2017-07-21 18:35:56.352  INFO 3296 --- [localhost-startStop-1] o.s.b.w.servlet.ServletRegistrationBean  : Mapping servlet: 'dispatcherServlet' to [/]
2017-07-21 18:35:56.361  INFO 3296 --- [localhost-startStop-1] o.s.b.w.servlet.FilterRegistrationBean   : Mapping filter: 'characterEncodingFilter' to: [/*]
2017-07-21 18:35:56.363  INFO 3296 --- [localhost-startStop-1] o.s.b.w.servlet.FilterRegistrationBean   : Mapping filter: 'hiddenHttpMethodFilter' to: [/*]
2017-07-21 18:35:56.364  INFO 3296 --- [localhost-startStop-1] o.s.b.w.servlet.FilterRegistrationBean   : Mapping filter: 'httpPutFormContentFilter' to: [/*]
2017-07-21 18:35:56.367  INFO 3296 --- [localhost-startStop-1] o.s.b.w.servlet.FilterRegistrationBean   : Mapping filter: 'requestContextFilter' to: [/*]
2017-07-21 18:35:57.625  INFO 3296 --- [main] s.w.s.m.m.a.RequestMappingHandlerAdapter : Looking for @ControllerAdvice: org.springframework.boot.context.embedded.AnnotationConfigEmbeddedWebApplicationContext@3c77d488: startup date [Fri Jul 21 18:35:46 IST 2017]; root of context hierarchy
2017-07-21 18:35:57.900  INFO 3296 --- [main] s.w.s.m.m.a.RequestMappingHandlerMapping : Mapped "{[/registration.html]}" onto public java.lang.String com.gurupv.base.registration.RegistrationController.registration()
2017-07-21 18:35:57.912  INFO 3296 --- [main] s.w.s.m.m.a.RequestMappingHandlerMapping : Mapped "{[/error]}" onto public org.springframework.http.ResponseEntity<java.util.Map<java.lang.String, java.lang.Object>> org.springframework.boot.autoconfigure.web.BasicErrorController.error(javax.servlet.http.HttpServletRequest)
2017-07-21 18:35:57.914  INFO 3296 --- [main] s.w.s.m.m.a.RequestMappingHandlerMapping : Mapped "{[/error],produces=[text/html]}" onto public org.springframework.web.servlet.ModelAndView org.springframework.boot.autoconfigure.web.BasicErrorController.errorHtml(javax.servlet.http.HttpServletRequest,javax.servlet.http.HttpServletResponse)
2017-07-21 18:35:57.960  INFO 3296 --- [main] o.s.w.s.handler.SimpleUrlHandlerMapping  : Root mapping to handler of type [class org.springframework.web.servlet.mvc.ParameterizableViewController]
2017-07-21 18:35:58.001  INFO 3296 --- [main] o.s.w.s.handler.SimpleUrlHandlerMapping  : Mapped URL path [/public/**] onto handler of type [class org.springframework.web.servlet.resource.ResourceHttpRequestHandler]
2017-07-21 18:35:58.002  INFO 3296 --- [main] o.s.w.s.handler.SimpleUrlHandlerMapping  : Mapped URL path [/webjars/**] onto handler of type [class org.springframework.web.servlet.resource.ResourceHttpRequestHandler]
2017-07-21 18:35:58.002  INFO 3296 --- [main] o.s.w.s.handler.SimpleUrlHandlerMapping  : Mapped URL path [/**] onto handler of type [class org.springframework.web.servlet.resource.ResourceHttpRequestHandler]
2017-07-21 18:35:58.135  INFO 3296 --- [main] o.s.w.s.handler.SimpleUrlHandlerMapping  : Mapped URL path [/**/favicon.ico] onto handler of type [class org.springframework.web.servlet.resource.ResourceHttpRequestHandler]
2017-07-21 18:35:58.250  INFO 3296 --- [main] oConfiguration$WelcomePageHandlerMapping : Adding welcome page: class path resource [public/index.html]
2017-07-21 18:35:58.980  INFO 3296 --- [main] s.b.c.e.t.TomcatEmbeddedServletContainer : Tomcat started on port(s): 49770 (http)
2017-07-21 18:35:58.991  INFO 3296 --- [main] com.gurupv.base.tests.ApplicationTest    : Started ApplicationTest in 12.921 seconds (JVM running for 14.611)
2017-07-21 18:36:01.628  INFO 3296 --- [http-nio-auto-1-exec-1] o.h.h.i.QueryTranslatorFactoryInitiator  : HHH000397: Using ASTQueryTranslatorFactory
2017-07-21 18:36:02.460  WARN 3296 --- [http-nio-auto-1-exec-3] o.h.dialect.function.TemplateRenderer    : HHH000174: Function template anticipated 3 arguments, but 2 arguments encountered
2017-07-21 18:36:02.979  INFO 3296 --- [Thread-3] ationConfigEmbeddedWebApplicationContext : Closing org.springframework.boot.context.embedded.AnnotationConfigEmbeddedWebApplicationContext@3c77d488: startup date [Fri Jul 21 18:35:46 IST 2017]; root of context hierarchy
2017-07-21 18:36:02.985  INFO 3296 --- [Thread-3] j.LocalContainerEntityManagerFactoryBean : Closing JPA EntityManagerFactory for persistence unit 'default'
2017-07-21 18:36:02.986  INFO 3296 --- [Thread-3] org.hibernate.tool.hbm2ddl.SchemaExport  : HHH000227: Running hbm2ddl schema export
2017-07-21 18:36:02.990  INFO 3296 --- [Thread-3] org.hibernate.tool.hbm2ddl.SchemaExport  : HHH000230: Schema export complete
2017-07-21 18:36:02.992  INFO 3296 --- [Thread-3] o.s.j.d.e.EmbeddedDatabaseFactory        : Shutting down embedded database: url='jdbc:hsqldb:mem:testdb'
